<?xml version="1.0" encoding="UTF-8"?>
<!-- Generated by org.testng.reporters.JUnitXMLReporter -->
<testsuite hostname="DTHTCPS5028" name="Command line test" tests="3" failures="0" timestamp="6 Jul 2016 13:41:55 GMT" time="1.885" errors="0">
  <testcase name="@BeforeMethod setUp" time="0.0" classname="br.com.letsgoti.dao.TestCustomer">
    <failure type="org.dbunit.dataset.NoSuchTableException" message="customer">
      <![CDATA[org.dbunit.dataset.NoSuchTableException: customer
	at org.dbunit.database.DatabaseDataSet.getTableMetaData(DatabaseDataSet.java:192)
	at org.dbunit.operation.DeleteAllOperation.execute(DeleteAllOperation.java:98)
	at org.dbunit.operation.CompositeOperation.execute(CompositeOperation.java:67)
	at br.com.letsgoti.dao.EntityDaoImplTest.setUp(EntityDaoImplTest.java:28)
... Removed 36 stack frames]]>
    </failure>
  </testcase> <!-- @BeforeMethod setUp -->
  <testcase name="@BeforeMethod springTestContextBeforeTestMethod" time="0.0" classname="br.com.letsgoti.dao.TestCustomer">
    <skipped/>
  </testcase> <!-- @BeforeMethod springTestContextBeforeTestMethod -->
  <testcase name="@BeforeMethod setUp" time="0.0" classname="br.com.letsgoti.dao.TestCustomer">
    <skipped/>
  </testcase> <!-- @BeforeMethod setUp -->
  <testcase name="@BeforeMethod springTestContextBeforeTestMethod" time="0.0" classname="br.com.letsgoti.dao.TestCustomer">
    <skipped/>
  </testcase> <!-- @BeforeMethod springTestContextBeforeTestMethod -->
  <testcase name="@BeforeMethod setUp" time="0.0" classname="br.com.letsgoti.dao.TestCustomer">
    <skipped/>
  </testcase> <!-- @BeforeMethod setUp -->
  <testcase name="findAllEmployees" time="0.001" classname="br.com.letsgoti.dao.TestCustomer">
    <skipped/>
  </testcase> <!-- findAllEmployees -->
  <testcase name="findById" time="0.0" classname="br.com.letsgoti.dao.TestCustomer">
    <skipped/>
  </testcase> <!-- findById -->
  <testcase name="saveCustomer" time="0.0" classname="br.com.letsgoti.dao.TestCustomer">
    <skipped/>
  </testcase> <!-- saveCustomer -->
</testsuite> <!-- Command line test -->
