<?xml version="1.0" encoding="UTF-8" ?>
<testsuite tests="8" failures="1" name="TestSuite" time="2.715" errors="0" skipped="7">
  <properties>
[...]
</properties>
  <testcase classname="br.com.letsgoti.dao.TestCustomer" name="setUp" time="2.705">
    <failure message="customer" type="org.dbunit.dataset.NoSuchTableException">org.dbunit.dataset.NoSuchTableException: customer
	at org.dbunit.database.DatabaseDataSet.getTableMetaData(DatabaseDataSet.java:192)
	at org.dbunit.operation.DeleteAllOperation.execute(DeleteAllOperation.java:98)
	at org.dbunit.operation.CompositeOperation.execute(CompositeOperation.java:67)
	at br.com.letsgoti.dao.EntityDaoImplTest.setUp(EntityDaoImplTest.java:28)
	at sun.reflect.NativeMethodAccessorImpl.invoke0(Native Method)
	at sun.reflect.NativeMethodAccessorImpl.invoke(NativeMethodAccessorImpl.java:62)
	at sun.reflect.DelegatingMethodAccessorImpl.invoke(DelegatingMethodAccessorImpl.java:43)
	at java.lang.reflect.Method.invoke(Method.java:497)
	at org.testng.internal.MethodInvocationHelper.invokeMethod(MethodInvocationHelper.java:85)
	at org.testng.internal.Invoker.invokeConfigurationMethod(Invoker.java:517)
	at org.testng.internal.Invoker.invokeConfigurations(Invoker.java:213)
	at org.testng.internal.Invoker.invokeMethod(Invoker.java:601)
	at org.testng.internal.Invoker.invokeTestMethod(Invoker.java:845)
	at org.testng.internal.Invoker.invokeTestMethods(Invoker.java:1153)
	at org.testng.internal.TestMethodWorker.invokeTestMethods(TestMethodWorker.java:125)
	at org.testng.internal.TestMethodWorker.run(TestMethodWorker.java:108)
	at org.testng.TestRunner.privateRun(TestRunner.java:771)
	at org.testng.TestRunner.run(TestRunner.java:621)
	at org.testng.SuiteRunner.runTest(SuiteRunner.java:357)
	at org.testng.SuiteRunner.runSequentially(SuiteRunner.java:352)
	at org.testng.SuiteRunner.privateRun(SuiteRunner.java:310)
	at org.testng.SuiteRunner.run(SuiteRunner.java:259)
	at org.testng.SuiteRunnerWorker.runSuite(SuiteRunnerWorker.java:52)
	at org.testng.SuiteRunnerWorker.run(SuiteRunnerWorker.java:86)
	at org.testng.TestNG.runSuitesSequentially(TestNG.java:1199)
	at org.testng.TestNG.runSuitesLocally(TestNG.java:1124)
	at org.testng.TestNG.run(TestNG.java:1032)
	at org.apache.maven.surefire.testng.TestNGExecutor.run(TestNGExecutor.java:77)
	at org.apache.maven.surefire.testng.TestNGDirectoryTestSuite.executeMulti(TestNGDirectoryTestSuite.java:159)
	at org.apache.maven.surefire.testng.TestNGDirectoryTestSuite.execute(TestNGDirectoryTestSuite.java:99)
	at org.apache.maven.surefire.testng.TestNGProvider.invoke(TestNGProvider.java:106)
	at sun.reflect.NativeMethodAccessorImpl.invoke0(Native Method)
	at sun.reflect.NativeMethodAccessorImpl.invoke(NativeMethodAccessorImpl.java:62)
	at sun.reflect.DelegatingMethodAccessorImpl.invoke(DelegatingMethodAccessorImpl.java:43)
	at java.lang.reflect.Method.invoke(Method.java:497)
	at org.apache.maven.surefire.util.ReflectionUtils.invokeMethodWithArray(ReflectionUtils.java:189)
	at org.apache.maven.surefire.booter.ProviderFactory$ProviderProxy.invoke(ProviderFactory.java:165)
	at org.apache.maven.surefire.booter.ProviderFactory.invokeProvider(ProviderFactory.java:85)
	at org.apache.maven.surefire.booter.ForkedBooter.runSuitesInProcess(ForkedBooter.java:115)
	at org.apache.maven.surefire.booter.ForkedBooter.main(ForkedBooter.java:75)
</failure>
    <system-out>Configuring TestNG with: org.apache.maven.surefire.testng.conf.TestNG652Configurator@3b192d32
</system-out>
    <system-err>jul 06, 2016 10:41:53 AM org.springframework.test.context.support.AbstractTestContextBootstrapper getTestExecutionListeners
INFORMAÇÕES: Using TestExecutionListeners: [org.springframework.test.context.web.ServletTestExecutionListener@3a883ce7, org.springframework.test.context.support.DependencyInjectionTestExecutionListener@4973813a, org.springframework.test.context.support.DirtiesContextTestExecutionListener@6321e813, org.springframework.test.context.transaction.TransactionalTestExecutionListener@79be0360, org.springframework.test.context.jdbc.SqlScriptsTestExecutionListener@22a67b4]
jul 06, 2016 10:41:53 AM org.springframework.context.support.AbstractApplicationContext prepareRefresh
INFORMAÇÕES: Refreshing org.springframework.context.support.GenericApplicationContext@b7dd107: startup date [Wed Jul 06 10:41:53 BRT 2016]; root of context hierarchy
jul 06, 2016 10:41:54 AM org.springframework.jdbc.datasource.DriverManagerDataSource setDriverClassName
INFORMAÇÕES: Loaded JDBC driver: org.h2.Driver
jul 06, 2016 10:41:54 AM org.hibernate.annotations.common.reflection.java.JavaReflectionManager &lt;clinit&gt;
INFO: HCANN000001: Hibernate Commons Annotations {4.0.5.Final}
jul 06, 2016 10:41:54 AM org.hibernate.Version logVersion
INFO: HHH000412: Hibernate Core {4.3.10.Final}
jul 06, 2016 10:41:54 AM org.hibernate.cfg.Environment &lt;clinit&gt;
INFO: HHH000206: hibernate.properties not found
jul 06, 2016 10:41:54 AM org.hibernate.cfg.Environment buildBytecodeProvider
INFO: HHH000021: Bytecode provider name : javassist
jul 06, 2016 10:41:54 AM org.hibernate.dialect.Dialect &lt;init&gt;
INFO: HHH000400: Using dialect: org.hibernate.dialect.H2Dialect
jul 06, 2016 10:41:54 AM org.hibernate.engine.transaction.internal.TransactionFactoryInitiator initiateService
INFO: HHH000399: Using default transaction strategy (direct JDBC transactions)
jul 06, 2016 10:41:54 AM org.hibernate.hql.internal.ast.ASTQueryTranslatorFactory &lt;init&gt;
INFO: HHH000397: Using ASTQueryTranslatorFactory
jul 06, 2016 10:41:54 AM org.hibernate.validator.internal.util.Version &lt;clinit&gt;
INFO: HV000001: Hibernate Validator 5.1.3.Final
jul 06, 2016 10:41:54 AM org.hibernate.tool.hbm2ddl.SchemaExport execute
INFO: HHH000227: Running hbm2ddl schema export
jul 06, 2016 10:41:54 AM org.hibernate.tool.hbm2ddl.SchemaExport execute
INFO: HHH000230: Schema export complete
jul 06, 2016 10:41:54 AM org.springframework.orm.hibernate4.HibernateTransactionManager afterPropertiesSet
INFORMAÇÕES: Using DataSource [org.springframework.jdbc.datasource.DriverManagerDataSource@5f031ebd] of Hibernate SessionFactory for HibernateTransactionManager
jul 06, 2016 10:41:54 AM org.springframework.test.context.transaction.TransactionContext startTransaction
INFORMAÇÕES: Began transaction (1) for test context [DefaultTestContext@4e517165 testClass = TestCustomer, testInstance = br.com.letsgoti.dao.TestCustomer@4d95d2a2, testMethod = findAllEmployees@TestCustomer, testException = [null], mergedContextConfiguration = [MergedContextConfiguration@44e3760b testClass = TestCustomer, locations = &apos;{}&apos;, classes = &apos;{class br.com.letsgoti.configuration.HibernateTestConfiguration}&apos;, contextInitializerClasses = &apos;[]&apos;, activeProfiles = &apos;{}&apos;, propertySourceLocations = &apos;{}&apos;, propertySourceProperties = &apos;{}&apos;, contextLoader = &apos;org.springframework.test.context.support.DelegatingSmartContextLoader&apos;, parent = [null]]]; transaction manager [org.springframework.orm.hibernate4.HibernateTransactionManager@6a66a204]; rollback [true]
</system-err>
  </testcase>
  <testcase classname="br.com.letsgoti.dao.TestCustomer" name="findAllEmployees" time="0">
    <skipped/>
  </testcase>
  <testcase classname="br.com.letsgoti.dao.TestCustomer" name="springTestContextBeforeTestMethod" time="0.004">
    <skipped/>
    <system-err>jul 06, 2016 10:41:55 AM org.springframework.test.context.transaction.TransactionContext endTransaction
INFORMAÇÕES: Rolled back transaction for test context [DefaultTestContext@4e517165 testClass = TestCustomer, testInstance = br.com.letsgoti.dao.TestCustomer@4d95d2a2, testMethod = findAllEmployees@TestCustomer, testException = [null], mergedContextConfiguration = [MergedContextConfiguration@44e3760b testClass = TestCustomer, locations = &apos;{}&apos;, classes = &apos;{class br.com.letsgoti.configuration.HibernateTestConfiguration}&apos;, contextInitializerClasses = &apos;[]&apos;, activeProfiles = &apos;{}&apos;, propertySourceLocations = &apos;{}&apos;, propertySourceProperties = &apos;{}&apos;, contextLoader = &apos;org.springframework.test.context.support.DelegatingSmartContextLoader&apos;, parent = [null]]].
</system-err>
  </testcase>
  <testcase classname="br.com.letsgoti.dao.TestCustomer" name="setUp" time="0.004">
    <skipped/>
  </testcase>
  <testcase classname="br.com.letsgoti.dao.TestCustomer" name="findById" time="0">
    <skipped/>
  </testcase>
  <testcase classname="br.com.letsgoti.dao.TestCustomer" name="springTestContextBeforeTestMethod" time="0.001">
    <skipped/>
  </testcase>
  <testcase classname="br.com.letsgoti.dao.TestCustomer" name="setUp" time="0.001">
    <skipped/>
  </testcase>
  <testcase classname="br.com.letsgoti.dao.TestCustomer" name="saveCustomer" time="0">
    <skipped/>
  </testcase>
</testsuite>