<?xml version="1.0" encoding="UTF-8"?>
<testng-results skipped="0" failed="1" total="3" passed="2">
  <reporter-output>
  </reporter-output>
  <suite name="Default suite" duration-ms="19697" started-at="2016-07-08T18:52:24Z" finished-at="2016-07-08T18:52:44Z">
    <groups>
    </groups>
    <test name="Default test" duration-ms="19697" started-at="2016-07-08T18:52:24Z" finished-at="2016-07-08T18:52:44Z">
      <class name="br.com.letsgoti.services.OutroTest">
        <test-method status="PASS" signature="springTestContextBeforeTestClass()[pri:0, instance:br.com.letsgoti.services.OutroTest@28975c28]" name="springTestContextBeforeTestClass" is-config="true" duration-ms="7" started-at="2016-07-08T15:52:24Z" finished-at="2016-07-08T15:52:24Z">
          <reporter-output>
          </reporter-output>
        </test-method> <!-- springTestContextBeforeTestClass -->
        <test-method status="PASS" signature="springTestContextPrepareTestInstance()[pri:0, instance:br.com.letsgoti.services.OutroTest@28975c28]" name="springTestContextPrepareTestInstance" is-config="true" duration-ms="2173" started-at="2016-07-08T15:52:24Z" depends-on-methods="org.springframework.test.context.testng.AbstractTestNGSpringContextTests.springTestContextBeforeTestClass" finished-at="2016-07-08T15:52:26Z">
          <reporter-output>
          </reporter-output>
        </test-method> <!-- springTestContextPrepareTestInstance -->
        <test-method status="PASS" signature="springTestContextBeforeTestMethod(java.lang.reflect.Method)[pri:0, instance:br.com.letsgoti.services.OutroTest@28975c28]" name="springTestContextBeforeTestMethod" is-config="true" duration-ms="75" started-at="2016-07-08T15:52:26Z" finished-at="2016-07-08T15:52:26Z">
          <params>
            <param index="0">
              <value>
                <![CDATA[public void br.com.letsgoti.services.OutroTest.findAllEmployees()]]>
              </value>
            </param>
          </params>
          <reporter-output>
          </reporter-output>
        </test-method> <!-- springTestContextBeforeTestMethod -->
        <test-method status="PASS" signature="setUp()[pri:0, instance:br.com.letsgoti.services.OutroTest@28975c28]" name="setUp" is-config="true" duration-ms="127" started-at="2016-07-08T15:52:26Z" finished-at="2016-07-08T15:52:27Z">
          <reporter-output>
          </reporter-output>
        </test-method> <!-- setUp -->
        <test-method status="PASS" signature="findAllEmployees()[pri:0, instance:br.com.letsgoti.services.OutroTest@28975c28]" name="findAllEmployees" duration-ms="44" started-at="2016-07-08T15:52:27Z" finished-at="2016-07-08T15:52:27Z">
          <reporter-output>
          </reporter-output>
        </test-method> <!-- findAllEmployees -->
        <test-method status="PASS" signature="springTestContextAfterTestMethod(java.lang.reflect.Method)[pri:0, instance:br.com.letsgoti.services.OutroTest@28975c28]" name="springTestContextAfterTestMethod" is-config="true" duration-ms="7" started-at="2016-07-08T15:52:27Z" finished-at="2016-07-08T15:52:27Z">
          <params>
            <param index="0">
              <value>
                <![CDATA[public void br.com.letsgoti.services.OutroTest.findAllEmployees()]]>
              </value>
            </param>
          </params>
          <reporter-output>
          </reporter-output>
        </test-method> <!-- springTestContextAfterTestMethod -->
        <test-method status="PASS" signature="springTestContextBeforeTestMethod(java.lang.reflect.Method)[pri:0, instance:br.com.letsgoti.services.OutroTest@28975c28]" name="springTestContextBeforeTestMethod" is-config="true" duration-ms="2" started-at="2016-07-08T15:52:27Z" finished-at="2016-07-08T15:52:27Z">
          <params>
            <param index="0">
              <value>
                <![CDATA[public void br.com.letsgoti.services.OutroTest.findById()]]>
              </value>
            </param>
          </params>
          <reporter-output>
          </reporter-output>
        </test-method> <!-- springTestContextBeforeTestMethod -->
        <test-method status="PASS" signature="setUp()[pri:0, instance:br.com.letsgoti.services.OutroTest@28975c28]" name="setUp" is-config="true" duration-ms="15" started-at="2016-07-08T15:52:27Z" finished-at="2016-07-08T15:52:27Z">
          <reporter-output>
          </reporter-output>
        </test-method> <!-- setUp -->
        <test-method status="FAIL" signature="findById()[pri:0, instance:br.com.letsgoti.services.OutroTest@28975c28]" name="findById" duration-ms="17161" started-at="2016-07-08T15:52:27Z" finished-at="2016-07-08T15:52:44Z">
          <exception class="java.lang.NullPointerException">
            <full-stacktrace>
              <![CDATA[java.lang.NullPointerException
	at br.com.letsgoti.service.CustomerServiceImpl.findById(CustomerServiceImpl.java:19)
	at br.com.letsgoti.services.OutroTest.findById(OutroTest.java:30)
	at sun.reflect.NativeMethodAccessorImpl.invoke0(Native Method)
	at sun.reflect.NativeMethodAccessorImpl.invoke(NativeMethodAccessorImpl.java:62)
	at sun.reflect.DelegatingMethodAccessorImpl.invoke(DelegatingMethodAccessorImpl.java:43)
	at java.lang.reflect.Method.invoke(Method.java:497)
	at org.testng.internal.MethodInvocationHelper.invokeMethod(MethodInvocationHelper.java:85)
	at org.testng.internal.MethodInvocationHelper$1.runTestMethod(MethodInvocationHelper.java:200)
	at org.springframework.test.context.testng.AbstractTestNGSpringContextTests.run(AbstractTestNGSpringContextTests.java:171)
	at org.testng.internal.MethodInvocationHelper.invokeHookable(MethodInvocationHelper.java:212)
	at org.testng.internal.Invoker.invokeMethod(Invoker.java:652)
	at org.testng.internal.Invoker.invokeTestMethod(Invoker.java:845)
	at org.testng.internal.Invoker.invokeTestMethods(Invoker.java:1153)
	at org.testng.internal.TestMethodWorker.invokeTestMethods(TestMethodWorker.java:125)
	at org.testng.internal.TestMethodWorker.run(TestMethodWorker.java:108)
	at org.testng.TestRunner.privateRun(TestRunner.java:771)
	at org.testng.TestRunner.run(TestRunner.java:621)
	at org.testng.SuiteRunner.runTest(SuiteRunner.java:357)
	at org.testng.SuiteRunner.runSequentially(SuiteRunner.java:352)
	at org.testng.SuiteRunner.privateRun(SuiteRunner.java:310)
	at org.testng.SuiteRunner.run(SuiteRunner.java:259)
	at org.testng.SuiteRunnerWorker.runSuite(SuiteRunnerWorker.java:52)
	at org.testng.SuiteRunnerWorker.run(SuiteRunnerWorker.java:86)
	at org.testng.TestNG.runSuitesSequentially(TestNG.java:1199)
	at org.testng.TestNG.runSuitesLocally(TestNG.java:1124)
	at org.testng.TestNG.run(TestNG.java:1032)
	at org.testng.remote.AbstractRemoteTestNG.run(AbstractRemoteTestNG.java:126)
	at org.testng.remote.RemoteTestNG.initAndRun(RemoteTestNG.java:137)
	at org.testng.remote.RemoteTestNG.main(RemoteTestNG.java:58)
]]>
            </full-stacktrace>
          </exception> <!-- java.lang.NullPointerException -->
          <reporter-output>
          </reporter-output>
        </test-method> <!-- findById -->
        <test-method status="PASS" signature="springTestContextAfterTestMethod(java.lang.reflect.Method)[pri:0, instance:br.com.letsgoti.services.OutroTest@28975c28]" name="springTestContextAfterTestMethod" is-config="true" duration-ms="4" started-at="2016-07-08T15:52:44Z" finished-at="2016-07-08T15:52:44Z">
          <params>
            <param index="0">
              <value>
                <![CDATA[public void br.com.letsgoti.services.OutroTest.findById()]]>
              </value>
            </param>
          </params>
          <reporter-output>
          </reporter-output>
        </test-method> <!-- springTestContextAfterTestMethod -->
        <test-method status="PASS" signature="springTestContextBeforeTestMethod(java.lang.reflect.Method)[pri:0, instance:br.com.letsgoti.services.OutroTest@28975c28]" name="springTestContextBeforeTestMethod" is-config="true" duration-ms="4" started-at="2016-07-08T15:52:44Z" finished-at="2016-07-08T15:52:44Z">
          <params>
            <param index="0">
              <value>
                <![CDATA[public void br.com.letsgoti.services.OutroTest.saveCustomer()]]>
              </value>
            </param>
          </params>
          <reporter-output>
          </reporter-output>
        </test-method> <!-- springTestContextBeforeTestMethod -->
        <test-method status="PASS" signature="setUp()[pri:0, instance:br.com.letsgoti.services.OutroTest@28975c28]" name="setUp" is-config="true" duration-ms="24" started-at="2016-07-08T15:52:44Z" finished-at="2016-07-08T15:52:44Z">
          <reporter-output>
          </reporter-output>
        </test-method> <!-- setUp -->
        <test-method status="PASS" signature="saveCustomer()[pri:0, instance:br.com.letsgoti.services.OutroTest@28975c28]" name="saveCustomer" duration-ms="32" started-at="2016-07-08T15:52:44Z" finished-at="2016-07-08T15:52:44Z">
          <reporter-output>
          </reporter-output>
        </test-method> <!-- saveCustomer -->
        <test-method status="PASS" signature="springTestContextAfterTestMethod(java.lang.reflect.Method)[pri:0, instance:br.com.letsgoti.services.OutroTest@28975c28]" name="springTestContextAfterTestMethod" is-config="true" duration-ms="3" started-at="2016-07-08T15:52:44Z" finished-at="2016-07-08T15:52:44Z">
          <params>
            <param index="0">
              <value>
                <![CDATA[public void br.com.letsgoti.services.OutroTest.saveCustomer()]]>
              </value>
            </param>
          </params>
          <reporter-output>
          </reporter-output>
        </test-method> <!-- springTestContextAfterTestMethod -->
        <test-method status="PASS" signature="springTestContextAfterTestClass()[pri:0, instance:br.com.letsgoti.services.OutroTest@28975c28]" name="springTestContextAfterTestClass" is-config="true" duration-ms="0" started-at="2016-07-08T15:52:44Z" finished-at="2016-07-08T15:52:44Z">
          <reporter-output>
          </reporter-output>
        </test-method> <!-- springTestContextAfterTestClass -->
      </class> <!-- br.com.letsgoti.services.OutroTest -->
    </test> <!-- Default test -->
  </suite> <!-- Default suite -->
</testng-results>
